Cron started at Mon Oct 27 20:54:01 UTC 2025
USER       PID %CPU %MEM    VSZ   RSS TTY      STAT START   TIME COMMAND
root         1  0.0  0.3 128204  6812 ?        Ss   Sep28   6:33 /usr/lib/systemd/systemd --switched-root --system --deserialize 22
root         2  0.0  0.0      0     0 ?        S    Sep28   0:00 [kthreadd]
Cron finished at Mon Oct 27 20:54:01 UTC 2025
Cron started at Mon Oct 27 20:55:01 UTC 2025
USER       PID %CPU %MEM    VSZ   RSS TTY      STAT START   TIME COMMAND
root         1  0.0  0.3 128204  6812 ?        Ss   Sep28   6:33 /usr/lib/systemd/systemd --switched-root --system --deserialize 22
root         2  0.0  0.0      0     0 ?        S    Sep28   0:00 [kthreadd]
Cron finished at Mon Oct 27 20:55:01 UTC 2025
Cron started at Mon Oct 27 20:56:01 UTC 2025
USER       PID %CPU %MEM    VSZ   RSS TTY      STAT START   TIME COMMAND
root         1  0.0  0.3 128204  6812 ?        Ss   Sep28   6:33 /usr/lib/systemd/systemd --switched-root --system --deserialize 22
root         2  0.0  0.0      0     0 ?        S    Sep28   0:00 [kthreadd]
Cron finished at Mon Oct 27 20:56:01 UTC 2025
Cron started at Mon Oct 27 20:57:01 UTC 2025
USER       PID %CPU %MEM    VSZ   RSS TTY      STAT START   TIME COMMAND
root         1  0.0  0.3 128204  6812 ?        Ss   Sep28   6:33 /usr/lib/systemd/systemd --switched-root --system --deserialize 22
root         2  0.0  0.0      0     0 ?        S    Sep28   0:00 [kthreadd]
Cron finished at Mon Oct 27 20:57:01 UTC 2025
Cron started at Mon Oct 27 20:58:01 UTC 2025
USER       PID %CPU %MEM    VSZ   RSS TTY      STAT START   TIME COMMAND
root         1  0.0  0.3 128204  6812 ?        Ss   Sep28   6:33 /usr/lib/systemd/systemd --switched-root --system --deserialize 22
root         2  0.0  0.0      0     0 ?        S    Sep28   0:00 [kthreadd]
Cron finished at Mon Oct 27 20:58:01 UTC 2025
Cron started at Mon Oct 27 20:59:01 UTC 2025
USER       PID %CPU %MEM    VSZ   RSS TTY      STAT START   TIME COMMAND
root         1  0.0  0.3 128204  6812 ?        Ss   Sep28   6:33 /usr/lib/systemd/systemd --switched-root --system --deserialize 22
root         2  0.0  0.0      0     0 ?        S    Sep28   0:00 [kthreadd]
Cron finished at Mon Oct 27 20:59:01 UTC 2025
Cron started at Mon Oct 27 21:00:01 UTC 2025
USER       PID %CPU %MEM    VSZ   RSS TTY      STAT START   TIME COMMAND
root         1  0.0  0.3 128204  6812 ?        Ss   Sep28   6:33 /usr/lib/systemd/systemd --switched-root --system --deserialize 22
root         2  0.0  0.0      0     0 ?        S    Sep28   0:00 [kthreadd]
Cron finished at Mon Oct 27 21:00:01 UTC 2025
Cron started at Mon Oct 27 21:01:01 UTC 2025
USER       PID %CPU %MEM    VSZ   RSS TTY      STAT START   TIME COMMAND
root         1  0.0  0.3 128204  6812 ?        Ss   Sep28   6:33 /usr/lib/systemd/systemd --switched-root --system --deserialize 22
root         2  0.0  0.0      0     0 ?        S    Sep28   0:00 [kthreadd]
Cron finished at Mon Oct 27 21:01:01 UTC 2025
Cron started at Mon Oct 27 21:02:01 UTC 2025
USER       PID %CPU %MEM    VSZ   RSS TTY      STAT START   TIME COMMAND
root         1  0.0  0.3 128204  6812 ?        Ss   Sep28   6:33 /usr/lib/systemd/systemd --switched-root --system --deserialize 22
root         2  0.0  0.0      0     0 ?        S    Sep28   0:00 [kthreadd]
Cron finished at Mon Oct 27 21:02:01 UTC 2025
Cron started at Mon Oct 27 21:03:01 UTC 2025
USER       PID %CPU %MEM    VSZ   RSS TTY      STAT START   TIME COMMAND
root         1  0.0  0.3 128204  6812 ?        Ss   Sep28   6:33 /usr/lib/systemd/systemd --switched-root --system --deserialize 22
root         2  0.0  0.0      0     0 ?        S    Sep28   0:00 [kthreadd]
Cron finished at Mon Oct 27 21:03:01 UTC 2025
Cron started at Mon Oct 27 21:04:01 UTC 2025
USER       PID %CPU %MEM    VSZ   RSS TTY      STAT START   TIME COMMAND
root         1  0.0  0.3 128204  6812 ?        Ss   Sep28   6:33 /usr/lib/systemd/systemd --switched-root --system --deserialize 22
root         2  0.0  0.0      0     0 ?        S    Sep28   0:00 [kthreadd]
Cron finished at Mon Oct 27 21:04:01 UTC 2025
Cron started at Mon Oct 27 21:05:01 UTC 2025
USER       PID %CPU %MEM    VSZ   RSS TTY      STAT START   TIME COMMAND
root         1  0.0  0.3 128204  6812 ?        Ss   Sep28   6:33 /usr/lib/systemd/systemd --switched-root --system --deserialize 22
root         2  0.0  0.0      0     0 ?        S    Sep28   0:00 [kthreadd]
Cron finished at Mon Oct 27 21:05:01 UTC 2025
Cron started at Mon Oct 27 21:06:01 UTC 2025
USER       PID %CPU %MEM    VSZ   RSS TTY      STAT START   TIME COMMAND
root         1  0.0  0.3 128204  6812 ?        Ss   Sep28   6:33 /usr/lib/systemd/systemd --switched-root --system --deserialize 22
root         2  0.0  0.0      0     0 ?        S    Sep28   0:00 [kthreadd]
Cron finished at Mon Oct 27 21:06:01 UTC 2025
Cron started at Mon Oct 27 21:07:01 UTC 2025
USER       PID %CPU %MEM    VSZ   RSS TTY      STAT START   TIME COMMAND
root         1  0.0  0.3 128204  6812 ?        Ss   Sep28   6:33 /usr/lib/systemd/systemd --switched-root --system --deserialize 22
root         2  0.0  0.0      0     0 ?        S    Sep28   0:00 [kthreadd]
Cron finished at Mon Oct 27 21:07:01 UTC 2025
Cron started at Mon Oct 27 21:08:01 UTC 2025
USER       PID %CPU %MEM    VSZ   RSS TTY      STAT START   TIME COMMAND
root         1  0.0  0.3 128204  6812 ?        Ss   Sep28   6:33 /usr/lib/systemd/systemd --switched-root --system --deserialize 22
root         2  0.0  0.0      0     0 ?        S    Sep28   0:00 [kthreadd]
Cron finished at Mon Oct 27 21:08:01 UTC 2025
Cron started at Mon Oct 27 21:09:02 UTC 2025
USER       PID %CPU %MEM    VSZ   RSS TTY      STAT START   TIME COMMAND
root         1  0.0  0.3 128204  6812 ?        Ss   Sep28   6:33 /usr/lib/systemd/systemd --switched-root --system --deserialize 22
root         2  0.0  0.0      0     0 ?        S    Sep28   0:00 [kthreadd]
Cron finished at Mon Oct 27 21:09:02 UTC 2025
